c:\users\kang\documents\github\d3dportfolio\d3dportfolio\d3dx\debug\d3dx.pch
c:\users\kang\documents\github\d3dportfolio\d3dportfolio\d3dx\debug\vc140.pdb
c:\users\kang\documents\github\d3dportfolio\d3dportfolio\d3dx\debug\vc140.idb
c:\users\kang\documents\github\d3dportfolio\d3dportfolio\d3dx\debug\stdafx.obj
c:\users\kang\documents\github\d3dportfolio\d3dportfolio\d3dx\debug\ccameramanager.obj
c:\users\kang\documents\github\d3dportfolio\d3dportfolio\d3dx\debug\cplayscene.obj
c:\users\kang\documents\github\d3dportfolio\d3dportfolio\d3dx\debug\cskill.obj
c:\users\kang\documents\github\d3dportfolio\d3dportfolio\d3dx\debug\ccollisionmap.obj
c:\users\kang\documents\github\d3dportfolio\d3dportfolio\d3dx\debug\cmaingame.obj
c:\users\kang\documents\github\d3dportfolio\d3dportfolio\d3dx\debug\craypicking.obj
c:\users\kang\documents\github\d3dportfolio\d3dportfolio\d3dx\debug\ccube.obj
c:\users\kang\documents\github\d3dportfolio\d3dportfolio\d3dx\debug\cdevicemanager.obj
c:\users\kang\documents\github\d3dportfolio\d3dportfolio\d3dx\debug\cfontmanager.obj
c:\users\kang\documents\github\d3dportfolio\d3dportfolio\d3dx\debug\cgamenode.obj
c:\users\kang\documents\github\d3dportfolio\d3dportfolio\d3dx\debug\ckeymanager.obj
c:\users\kang\documents\github\d3dportfolio\d3dportfolio\d3dx\debug\cmainscene.obj
c:\users\kang\documents\github\d3dportfolio\d3dportfolio\d3dx\debug\cmeleeskill.obj
c:\users\kang\documents\github\d3dportfolio\d3dportfolio\d3dx\debug\cplayer.obj
c:\users\kang\documents\github\d3dportfolio\d3dportfolio\d3dx\debug\crangeskill.obj
c:\users\kang\documents\github\d3dportfolio\d3dportfolio\d3dx\debug\cscenemanager.obj
c:\users\kang\documents\github\d3dportfolio\d3dportfolio\d3dx\debug\cshop.obj
c:\users\kang\documents\github\d3dportfolio\d3dportfolio\d3dx\debug\cskillmanager.obj
c:\users\kang\documents\github\d3dportfolio\d3dportfolio\d3dx\debug\cskinnedmesh.obj
c:\users\kang\documents\github\d3dportfolio\d3dportfolio\d3dx\debug\ctexturemanager.obj
c:\users\kang\documents\github\d3dportfolio\d3dportfolio\d3dx\debug\ctimemanager.obj
c:\users\kang\documents\github\d3dportfolio\d3dportfolio\d3dx\debug\cxmanager.obj
c:\users\kang\documents\github\d3dportfolio\d3dportfolio\d3dx\debug\bitmap.obj
c:\users\kang\documents\github\d3dportfolio\d3dportfolio\d3dx\debug\d3dx.obj
c:\users\kang\documents\github\d3dportfolio\d3dportfolio\d3dx\debug\maingame_addsprite.obj
c:\users\kang\documents\github\d3dportfolio\d3dportfolio\d3dx\debug\callocatedhierachy.obj
c:\users\kang\documents\github\d3dportfolio\d3dportfolio\d3dx\debug\ccharacter.obj
c:\users\kang\documents\github\d3dportfolio\d3dportfolio\d3dx\debug\caction.obj
c:\users\kang\documents\github\d3dportfolio\d3dportfolio\d3dx\debug\csphere.obj
c:\users\kang\documents\github\d3dportfolio\d3dportfolio\debug\d3dx.ilk
c:\users\kang\documents\github\d3dportfolio\d3dportfolio\debug\d3dx.exe
c:\users\kang\documents\github\d3dportfolio\d3dportfolio\debug\d3dx.pdb
c:\users\kang\documents\github\d3dportfolio\d3dportfolio\d3dx\debug\d3dx.res
c:\users\kang\documents\github\d3dportfolio\d3dportfolio\d3dx\debug\cobjectskill.obj
c:\users\kang\documents\github\d3dportfolio\d3dportfolio\d3dx\debug\ccontroller.obj.enc
c:\users\kang\documents\github\d3dportfolio\d3dportfolio\d3dx\debug\d3dx.tlog\cl.command.1.tlog
c:\users\kang\documents\github\d3dportfolio\d3dportfolio\d3dx\debug\d3dx.tlog\cl.read.1.tlog
c:\users\kang\documents\github\d3dportfolio\d3dportfolio\d3dx\debug\d3dx.tlog\cl.write.1.tlog
c:\users\kang\documents\github\d3dportfolio\d3dportfolio\d3dx\debug\d3dx.tlog\link.command.1.tlog
c:\users\kang\documents\github\d3dportfolio\d3dportfolio\d3dx\debug\d3dx.tlog\link.read.1.tlog
c:\users\kang\documents\github\d3dportfolio\d3dportfolio\d3dx\debug\d3dx.tlog\link.write.1.tlog
c:\users\kang\documents\github\d3dportfolio\d3dportfolio\d3dx\debug\d3dx.tlog\rc.command.1.tlog
c:\users\kang\documents\github\d3dportfolio\d3dportfolio\d3dx\debug\d3dx.tlog\rc.read.1.tlog
c:\users\kang\documents\github\d3dportfolio\d3dportfolio\d3dx\debug\d3dx.tlog\rc.write.1.tlog
